
  .   ____          _            __ _ _
 /\\ / ___'_ __ _ _(_)_ __  __ _ \ \ \ \
( ( )\___ | '_ | '_| | '_ \/ _` | \ \ \ \
 \\/  ___)| |_)| | | | | || (_| |  ) ) ) )
  '  |____| .__|_| |_|_| |_\__, | / / / /
 =========|_|==============|___/=/_/_/_/

 :: Spring Boot ::                (v3.3.5)

2026-07-13T16:11:49.138+03:00  INFO 27016 --- [           main] t.g.e.EmployeemanagerApplication         : Starting EmployeemanagerApplication v0.0.1-SNAPSHOT using Java 17.0.18 with PID 27016 (C:\Users\nahom\OneDrive\Desktop\class\employeemanager\backend\target\employeemanager-0.0.1-SNAPSHOT.jar started by nahom in C:\Users\nahom\OneDrive\Desktop\class\employeemanager\backend)
2026-07-13T16:11:49.146+03:00  INFO 27016 --- [           main] t.g.e.EmployeemanagerApplication         : No active profile set, falling back to 1 default profile: "default"
2026-07-13T16:11:51.807+03:00  INFO 27016 --- [           main] .s.d.r.c.RepositoryConfigurationDelegate : Bootstrapping Spring Data JPA repositories in DEFAULT mode.
2026-07-13T16:11:52.105+03:00  INFO 27016 --- [           main] .s.d.r.c.RepositoryConfigurationDelegate : Finished Spring Data repository scanning in 252 ms. Found 1 JPA repository interface.
2026-07-13T16:11:53.973+03:00  INFO 27016 --- [           main] o.s.b.w.embedded.tomcat.TomcatWebServer  : Tomcat initialized with port 8080 (http)
2026-07-13T16:11:54.010+03:00  INFO 27016 --- [           main] o.apache.catalina.core.StandardService   : Starting service [Tomcat]
2026-07-13T16:11:54.011+03:00  INFO 27016 --- [           main] o.apache.catalina.core.StandardEngine    : Starting Servlet engine: [Apache Tomcat/10.1.31]
2026-07-13T16:11:54.141+03:00  INFO 27016 --- [           main] o.a.c.c.C.[Tomcat].[localhost].[/]       : Initializing Spring embedded WebApplicationContext
2026-07-13T16:11:54.145+03:00  INFO 27016 --- [           main] w.s.c.ServletWebServerApplicationContext : Root WebApplicationContext: initialization completed in 4779 ms
2026-07-13T16:11:54.259+03:00  INFO 27016 --- [           main] com.zaxxer.hikari.HikariDataSource       : HikariPool-1 - Starting...
2026-07-13T16:11:55.075+03:00  INFO 27016 --- [           main] com.zaxxer.hikari.pool.HikariPool        : HikariPool-1 - Added connection conn0: url=jdbc:h2:file:./employeemanager_db user=SA
2026-07-13T16:11:55.084+03:00  INFO 27016 --- [           main] com.zaxxer.hikari.HikariDataSource       : HikariPool-1 - Start completed.
2026-07-13T16:11:55.111+03:00  INFO 27016 --- [           main] o.s.b.a.h2.H2ConsoleAutoConfiguration    : H2 console available at '/h2-console'. Database available at 'jdbc:h2:file:./employeemanager_db'
2026-07-13T16:11:55.504+03:00  INFO 27016 --- [           main] o.hibernate.jpa.internal.util.LogHelper  : HHH000204: Processing PersistenceUnitInfo [name: default]
2026-07-13T16:11:55.684+03:00  INFO 27016 --- [           main] org.hibernate.Version                    : HHH000412: Hibernate ORM core version 6.5.3.Final
2026-07-13T16:11:55.809+03:00  INFO 27016 --- [           main] o.h.c.internal.RegionFactoryInitiator    : HHH000026: Second-level cache disabled
2026-07-13T16:11:56.970+03:00  INFO 27016 --- [           main] o.s.o.j.p.SpringPersistenceUnitInfo      : No LoadTimeWeaver setup: ignoring JPA class transformer
2026-07-13T16:11:57.119+03:00  WARN 27016 --- [           main] org.hibernate.orm.deprecation            : HHH90000025: H2Dialect does not need to be specified explicitly using 'hibernate.dialect' (remove the property setting and it will be selected by default)
2026-07-13T16:11:59.159+03:00  INFO 27016 --- [           main] o.h.e.t.j.p.i.JtaPlatformInitiator       : HHH000489: No JTA platform available (set 'hibernate.transaction.jta.platform' to enable JTA platform integration)
2026-07-13T16:11:59.231+03:00  INFO 27016 --- [           main] j.LocalContainerEntityManagerFactoryBean : Initialized JPA EntityManagerFactory for persistence unit 'default'
2026-07-13T16:11:59.850+03:00  WARN 27016 --- [           main] JpaBaseConfiguration$JpaWebConfiguration : spring.jpa.open-in-view is enabled by default. Therefore, database queries may be performed during view rendering. Explicitly configure spring.jpa.open-in-view to disable this warning
2026-07-13T16:12:01.031+03:00  INFO 27016 --- [           main] o.s.b.w.embedded.tomcat.TomcatWebServer  : Tomcat started on port 8080 (http) with context path '/'
2026-07-13T16:12:01.091+03:00  INFO 27016 --- [           main] t.g.e.EmployeemanagerApplication         : Started EmployeemanagerApplication in 13.326 seconds (process running for 14.907)
2026-07-13T16:12:04.408+03:00  INFO 27016 --- [nio-8080-exec-1] o.a.c.c.C.[Tomcat].[localhost].[/]       : Initializing Spring DispatcherServlet 'dispatcherServlet'
2026-07-13T16:12:04.408+03:00  INFO 27016 --- [nio-8080-exec-1] o.s.web.servlet.DispatcherServlet        : Initializing Servlet 'dispatcherServlet'
2026-07-13T16:12:04.411+03:00  INFO 27016 --- [nio-8080-exec-1] o.s.web.servlet.DispatcherServlet        : Completed initialization in 1 ms
